Using pre-set license
Built from '2021.3/staging' branch; Version is '2021.3.22f1 (b6c551784ba3) revision 11978065'; Using compiler version '192829333'; Build Type 'Release'
OS: 'Windows 11  (10.0.22621) 64bit Core' Language: 'es' Physical Memory: 16051 MB
BatchMode: 1, IsHumanControllingUs: 0, StartBugReporterOnCrash: 0, Is64bit: 1, IsPro: 1

COMMAND LINE ARGUMENTS:
E:\Unity3D\Unity3D\2021.3.22f1\Editor\Unity.exe
-adb2
-batchMode
-noUpm
-name
AssetImportWorker1
-projectPath
E:/Unity3D/Unity Projects/3/3D-Game/3D-Game
-logFile
Logs/AssetImportWorker1.log
-srvPort
53210
Successfully changed project path to: E:/Unity3D/Unity Projects/3/3D-Game/3D-Game
E:/Unity3D/Unity Projects/3/3D-Game/3D-Game
[UnityMemory] Configuration Parameters - Can be set up in boot.config
    "memorysetup-bucket-allocator-granularity=16"
    "memorysetup-bucket-allocator-bucket-count=8"
    "memorysetup-bucket-allocator-block-size=33554432"
    "memorysetup-bucket-allocator-block-count=8"
    "memorysetup-main-allocator-block-size=16777216"
    "memorysetup-thread-allocator-block-size=16777216"
    "memorysetup-gfx-main-allocator-block-size=16777216"
    "memorysetup-gfx-thread-allocator-block-size=16777216"
    "memorysetup-cache-allocator-block-size=4194304"
    "memorysetup-typetree-allocator-block-size=2097152"
    "memorysetup-profiler-bucket-allocator-granularity=16"
    "memorysetup-profiler-bucket-allocator-bucket-count=8"
    "memorysetup-profiler-bucket-allocator-block-size=33554432"
    "memorysetup-profiler-bucket-allocator-block-count=8"
    "memorysetup-profiler-allocator-block-size=16777216"
    "memorysetup-profiler-editor-allocator-block-size=1048576"
    "memorysetup-temp-allocator-size-main=16777216"
    "memorysetup-job-temp-allocator-block-size=2097152"
    "memorysetup-job-temp-allocator-block-size-background=1048576"
    "memorysetup-job-temp-allocator-reduction-small-platforms=262144"
    "memorysetup-temp-allocator-size-background-worker=32768"
    "memorysetup-temp-allocator-size-job-worker=262144"
    "memorysetup-temp-allocator-size-preload-manager=33554432"
    "memorysetup-temp-allocator-size-nav-mesh-worker=65536"
    "memorysetup-temp-allocator-size-audio-worker=65536"
    "memorysetup-temp-allocator-size-cloud-worker=32768"
    "memorysetup-temp-allocator-size-gi-baking-worker=262144"
    "memorysetup-temp-allocator-size-gfx=262144"
Player connection [16228] Host "[IP] 192.168.0.249 [Port] 0 [Flags] 2 [Guid] 2474083842 [EditorId] 2474083842 [Version] 1048832 [Id] WindowsEditor(7,DESKTOP-0BU5HHT) [Debug] 1 [PackageName] WindowsEditor [ProjectName] Editor" joined multi-casting on [225.0.0.222:54997]...

Player connection [16228] Host "[IP] 192.168.0.249 [Port] 0 [Flags] 2 [Guid] 2474083842 [EditorId] 2474083842 [Version] 1048832 [Id] WindowsEditor(7,DESKTOP-0BU5HHT) [Debug] 1 [PackageName] WindowsEditor [ProjectName] Editor" joined alternative multi-casting on [225.0.0.222:34997]...

Refreshing native plugins compatible for Editor in 51.00 ms, found 3 plugins.
Preloading 0 native plugins for Editor in 0.00 ms.
Initialize engine version: 2021.3.22f1 (b6c551784ba3)
[Subsystems] Discovering subsystems at path E:/Unity3D/Unity3D/2021.3.22f1/Editor/Data/Resources/UnitySubsystems
[Subsystems] Discovering subsystems at path E:/Unity3D/Unity Projects/3/3D-Game/3D-Game/Assets
GfxDevice: creating device client; threaded=0; jobified=0
Direct3D:
    Version:  Direct3D 11.0 [level 11.1]
    Renderer: NVIDIA GeForce RTX 3060 Laptop GPU (ID=0x2520)
    Vendor:   NVIDIA
    VRAM:     6009 MB
    Driver:   31.0.15.3713
Initialize mono
Mono path[0] = 'E:/Unity3D/Unity3D/2021.3.22f1/Editor/Data/Managed'
Mono path[1] = 'E:/Unity3D/Unity3D/2021.3.22f1/Editor/Data/MonoBleedingEdge/lib/mono/unityjit-win32'
Mono config path = 'E:/Unity3D/Unity3D/2021.3.22f1/Editor/Data/MonoBleedingEdge/etc'
Using monoOptions --debugger-agent=transport=dt_socket,embedding=1,server=y,suspend=n,address=127.0.0.1:56012
Begin MonoManager ReloadAssembly
Registering precompiled unity dll's ...
Register platform support module: E:/Unity3D/Unity3D/2021.3.22f1/Editor/Data/PlaybackEngines/WindowsStandaloneSupport/UnityEditor.WindowsStandalone.Extensions.dll
Registered in 0.001216 seconds.
Native extension for WindowsStandalone target not found
Refreshing native plugins compatible for Editor in 50.25 ms, found 3 plugins.
Preloading 0 native plugins for Editor in 0.00 ms.
Mono: successfully reloaded assembly
- Completed reload, in  0.483 seconds
Domain Reload Profiling:
	ReloadAssembly (484ms)
		BeginReloadAssembly (63ms)
			ExecutionOrderSort (0ms)
			DisableScriptedObjects (0ms)
			BackupInstance (0ms)
			ReleaseScriptingObjects (0ms)
			CreateAndSetChildDomain (1ms)
		EndReloadAssembly (357ms)
			LoadAssemblies (62ms)
			RebuildTransferFunctionScriptingTraits (0ms)
			SetupTypeCache (79ms)
			ReleaseScriptCaches (0ms)
			RebuildScriptCaches (22ms)
			SetupLoadedEditorAssemblies (220ms)
				LogAssemblyErrors (0ms)
				InitializePlatformSupportModulesInManaged (6ms)
				SetLoadedEditorAssemblies (0ms)
				RefreshPlugins (50ms)
				BeforeProcessingInitializeOnLoad (1ms)
				ProcessInitializeOnLoadAttributes (117ms)
				ProcessInitializeOnLoadMethodAttributes (45ms)
				AfterProcessingInitializeOnLoad (0ms)
				EditorAssembliesLoaded (0ms)
			ExecutionOrderSort2 (0ms)
			AwakeInstancesAfterBackupRestoration (0ms)
Platform modules already initialized, skipping
Registering precompiled user dll's ...
Registered in 0.001813 seconds.
Begin MonoManager ReloadAssembly
Symbol file LoadedFromMemory doesn't match image E:\Unity3D\Unity Projects\3\3D-Game\3D-Game\Library\PackageCache\com.unity.visualscripting@1.8.0\Editor\VisualScripting.Core\Dependencies\YamlDotNet\Unity.VisualScripting.YamlDotNet.dll
Symbol file LoadedFromMemory doesn't match image E:\Unity3D\Unity Projects\3\3D-Game\3D-Game\Library\PackageCache\com.unity.visualscripting@1.8.0\Editor\VisualScripting.Core\Dependencies\DotNetZip\Unity.VisualScripting.IonicZip.dll
Native extension for WindowsStandalone target not found
Refreshing native plugins compatible for Editor in 0.56 ms, found 3 plugins.
Preloading 0 native plugins for Editor in 0.00 ms.
Mono: successfully reloaded assembly
- Completed reload, in  0.968 seconds
Domain Reload Profiling:
	ReloadAssembly (968ms)
		BeginReloadAssembly (94ms)
			ExecutionOrderSort (0ms)
			DisableScriptedObjects (4ms)
			BackupInstance (0ms)
			ReleaseScriptingObjects (0ms)
			CreateAndSetChildDomain (20ms)
		EndReloadAssembly (799ms)
			LoadAssemblies (65ms)
			RebuildTransferFunctionScriptingTraits (0ms)
			SetupTypeCache (217ms)
			ReleaseScriptCaches (1ms)
			RebuildScriptCaches (58ms)
			SetupLoadedEditorAssemblies (425ms)
				LogAssemblyErrors (0ms)
				InitializePlatformSupportModulesInManaged (3ms)
				SetLoadedEditorAssemblies (0ms)
				RefreshPlugins (1ms)
				BeforeProcessingInitializeOnLoad (57ms)
				ProcessInitializeOnLoadAttributes (335ms)
				ProcessInitializeOnLoadMethodAttributes (28ms)
				AfterProcessingInitializeOnLoad (2ms)
				EditorAssembliesLoaded (0ms)
			ExecutionOrderSort2 (0ms)
			AwakeInstancesAfterBackupRestoration (5ms)
Platform modules already initialized, skipping
========================================================================
Worker process is ready to serve import requests
Launched and connected shader compiler UnityShaderCompiler.exe after 0.04 seconds
Refreshing native plugins compatible for Editor in 0.58 ms, found 3 plugins.
Preloading 0 native plugins for Editor in 0.00 ms.
Unloading 3171 Unused Serialized files (Serialized files now loaded: 0)
Unloading 25 unused Assets / (30.2 KB). Loaded Objects now: 3665.
Memory consumption went from 133.6 MB to 133.6 MB.
Total: 3.605400 ms (FindLiveObjects: 0.189400 ms CreateObjectMapping: 0.070700 ms MarkObjects: 3.313800 ms  DeleteObjects: 0.030400 ms)

AssetImportParameters requested are different than current active one (requested -> active):
  custom:video-decoder-ogg-theora: a1e56fd34408186e4bbccfd4996cb3dc -> 
  custom:container-muxer-webm: aa71ff27fc2769a1b78a27578f13a17b -> 
  custom:container-demuxer-webm: 4f35f7cbe854078d1ac9338744f61a02 -> 
  custom:video-encoder-webm-vp8: eb34c28f22e8b96e1ab97ce403110664 -> 
  custom:video-codec-MediaFoundation-h265: 746d11721c4dcdbdad8f713fa42b33f4 -> 
  custom:audio-encoder-webm-vorbis: bf7c407c2cedff20999df2af8eb42d56 -> 
  custom:framework-win-MediaFoundation: 216162199b28c13a410421893ffa2e32 -> 
  custom:container-demuxer-ogg: 62fdf1f143b41e24485cea50d1cbac27 -> 
  custom:video-decoder-webm-vp8: 9c59270c3fd7afecdb556c50c9e8de78 -> 
  custom:audio-decoder-ogg-vorbis: bf7c407c2cedff20999df2af8eb42d56 -> 
========================================================================
Received Import Request.
  Time since last request: 97147.243198 seconds.
  path: Assets/Prefabs/SinglePlatafomr.prefab
  artifactKey: Guid(5e50526fb919632b39cba0e9f8885220) Importer(815301076,1909f56bfc062723c751e8b465ee728b)
Start importing Assets/Prefabs/SinglePlatafomr.prefab using Guid(5e50526fb919632b39cba0e9f8885220) Importer(815301076,1909f56bfc062723c751e8b465ee728b)  -> (artifact id: 'da07111064142b8eb0dc12c89b8a0613') in 0.116313 seconds 
========================================================================
Received Import Request.
  Time since last request: 0.000045 seconds.
  path: Assets/Prefabs/SpikeTrap Variant.prefab
  artifactKey: Guid(6a6259ff550d54442a2075d68027477b) Importer(815301076,1909f56bfc062723c751e8b465ee728b)
Start importing Assets/Prefabs/SpikeTrap Variant.prefab using Guid(6a6259ff550d54442a2075d68027477b) Importer(815301076,1909f56bfc062723c751e8b465ee728b)  -> (artifact id: '6146be725837a0b6f29fd3e0225628ea') in 0.028716 seconds 
========================================================================
Received Import Request.
  Time since last request: 0.000031 seconds.
  path: Assets/Prefabs/bullet2.prefab
  artifactKey: Guid(0e9398d125c6b784eb8b20d78ac973d1) Importer(815301076,1909f56bfc062723c751e8b465ee728b)
Start importing Assets/Prefabs/bullet2.prefab using Guid(0e9398d125c6b784eb8b20d78ac973d1) Importer(815301076,1909f56bfc062723c751e8b465ee728b)  -> (artifact id: '6be5be3c5acc4294d289195ac3650f42') in 0.012961 seconds 
========================================================================
Received Import Request.
  Time since last request: 0.000020 seconds.
  path: Assets/Prefabs/Boss.prefab
  artifactKey: Guid(574e18635e3aa964b8cb3e5ab665a9a2) Importer(815301076,1909f56bfc062723c751e8b465ee728b)
Start importing Assets/Prefabs/Boss.prefab using Guid(574e18635e3aa964b8cb3e5ab665a9a2) Importer(815301076,1909f56bfc062723c751e8b465ee728b)  -> (artifact id: 'ffc970bc9183c101b2ac217f6d1191a7') in 0.021562 seconds 
========================================================================
Received Import Request.
  Time since last request: 0.000022 seconds.
  path: Assets/Prefabs/Enemies.prefab
  artifactKey: Guid(e89642166e8752a42ba66f351dd23031) Importer(815301076,1909f56bfc062723c751e8b465ee728b)
Start importing Assets/Prefabs/Enemies.prefab using Guid(e89642166e8752a42ba66f351dd23031) Importer(815301076,1909f56bfc062723c751e8b465ee728b)  -> (artifact id: '8dcf01152bef7dc021203b137a0d3d05') in 0.029140 seconds 
========================================================================
Received Import Request.
  Time since last request: 0.000017 seconds.
  path: Assets/Prefabs/fireball (1).prefab
  artifactKey: Guid(54675447b037be249b4134958781d89f) Importer(815301076,1909f56bfc062723c751e8b465ee728b)
Start importing Assets/Prefabs/fireball (1).prefab using Guid(54675447b037be249b4134958781d89f) Importer(815301076,1909f56bfc062723c751e8b465ee728b)  -> (artifact id: 'aa6a5431f2a6c552f4ef37decfdd2f42') in 0.015727 seconds 
========================================================================
Received Import Request.
  Time since last request: 0.000027 seconds.
  path: Assets/Prefabs/Enemy3 Variant.prefab
  artifactKey: Guid(739001a94fcc8628b8d49c1f0fa4c153) Importer(815301076,1909f56bfc062723c751e8b465ee728b)
Start importing Assets/Prefabs/Enemy3 Variant.prefab using Guid(739001a94fcc8628b8d49c1f0fa4c153) Importer(815301076,1909f56bfc062723c751e8b465ee728b)  -> (artifact id: '81881584f5fe51e2896f4419ddeebedf') in 0.015687 seconds 
========================================================================
Received Import Request.
  Time since last request: 105.695972 seconds.
  path: Assets/Model/bullet1.obj
  artifactKey: Guid(0fda4a17ab5c33c9e83d9b344766b980) Importer(815301076,1909f56bfc062723c751e8b465ee728b)
Start importing Assets/Model/bullet1.obj using Guid(0fda4a17ab5c33c9e83d9b344766b980) Importer(815301076,1909f56bfc062723c751e8b465ee728b)  -> (artifact id: '5fd39d95d197d80e1c29c3ab759fb3e6') in 0.054041 seconds 
========================================================================
Received Import Request.
  Time since last request: 0.000031 seconds.
  path: Assets/Model/JumpPlataform.prefab
  artifactKey: Guid(3cb6b952e3b88004ba1b32ad91fde631) Importer(815301076,1909f56bfc062723c751e8b465ee728b)
Start importing Assets/Model/JumpPlataform.prefab using Guid(3cb6b952e3b88004ba1b32ad91fde631) Importer(815301076,1909f56bfc062723c751e8b465ee728b)  -> (artifact id: '014f81c1464eaaa514dc670c2f0a93df') in 0.013058 seconds 
========================================================================
Received Import Request.
  Time since last request: 0.000018 seconds.
  path: Assets/Model/Enemy2.obj
  artifactKey: Guid(b62e9ec85a50122bca358dca724ae071) Importer(815301076,1909f56bfc062723c751e8b465ee728b)
Start importing Assets/Model/Enemy2.obj using Guid(b62e9ec85a50122bca358dca724ae071) Importer(815301076,1909f56bfc062723c751e8b465ee728b)  -> (artifact id: 'a3d79b3c399ca1226ab89eee8e72e2a3') in 0.027327 seconds 
========================================================================
Received Import Request.
  Time since last request: 0.000017 seconds.
  path: Assets/Model/bullet2.obj
  artifactKey: Guid(3ef2ef19e13a5fb48af96094f46177c6) Importer(815301076,1909f56bfc062723c751e8b465ee728b)
Start importing Assets/Model/bullet2.obj using Guid(3ef2ef19e13a5fb48af96094f46177c6) Importer(815301076,1909f56bfc062723c751e8b465ee728b)  -> (artifact id: '6e10db2ca4134bb8021a304798024b93') in 0.027691 seconds 
========================================================================
Received Import Request.
  Time since last request: 0.000017 seconds.
  path: Assets/Model/Enemy3.obj
  artifactKey: Guid(a0c828537db569d4bb65d6c06fe2f938) Importer(815301076,1909f56bfc062723c751e8b465ee728b)
Start importing Assets/Model/Enemy3.obj using Guid(a0c828537db569d4bb65d6c06fe2f938) Importer(815301076,1909f56bfc062723c751e8b465ee728b)  -> (artifact id: 'eeb34156d70db4c815c3893f662502f1') in 0.029008 seconds 
========================================================================
Received Import Request.
  Time since last request: 0.000020 seconds.
  path: Assets/Model/Plataform2.obj
  artifactKey: Guid(d022bd9207a9e8daf898f68834ffd8a9) Importer(815301076,1909f56bfc062723c751e8b465ee728b)
Start importing Assets/Model/Plataform2.obj using Guid(d022bd9207a9e8daf898f68834ffd8a9) Importer(815301076,1909f56bfc062723c751e8b465ee728b)  -> (artifact id: 'de3c8520b6914d44d1a72d4487d17c16') in 0.025529 seconds 
========================================================================
Received Import Request.
  Time since last request: 0.000028 seconds.
  path: Assets/Model/ghast.obj
  artifactKey: Guid(1323205fd425c0343818477c5291c924) Importer(815301076,1909f56bfc062723c751e8b465ee728b)
Start importing Assets/Model/ghast.obj using Guid(1323205fd425c0343818477c5291c924) Importer(815301076,1909f56bfc062723c751e8b465ee728b)  -> (artifact id: 'c0398c87d9d4971599044b449c53e5ec') in 0.118569 seconds 
========================================================================
Received Import Request.
  Time since last request: 0.000019 seconds.
  path: Assets/Model/JumpPlataform.obj
  artifactKey: Guid(3fb9168ae5cc3d9d98ec7cf2b3532143) Importer(815301076,1909f56bfc062723c751e8b465ee728b)
Start importing Assets/Model/JumpPlataform.obj using Guid(3fb9168ae5cc3d9d98ec7cf2b3532143) Importer(815301076,1909f56bfc062723c751e8b465ee728b)  -> (artifact id: '44c6b874974e338f37c35fa08731ab06') in 0.021725 seconds 
Editor requested this worker to shutdown with reason: Scaling down because of idle timeout
AssetImportWorkerClient::OnTransportError - code=2 error=End of file
AssetImportWorker is now disconnected from the server
Process exiting
Exiting without the bug reporter. Application will terminate with return code 0