Using pre-set license
Built from '2021.3/staging' branch; Version is '2021.3.22f1 (b6c551784ba3) revision 11978065'; Using compiler version '192829333'; Build Type 'Release'
OS: 'Windows 10  (10.0.19045) 64bit Core' Language: 'es' Physical Memory: 8081 MB
BatchMode: 1, IsHumanControllingUs: 0, StartBugReporterOnCrash: 0, Is64bit: 1, IsPro: 1

COMMAND LINE ARGUMENTS:
C:\Program Files\Unity\Hub\Editor\2021.3.22f1\Editor\Unity.exe
-adb2
-batchMode
-noUpm
-name
AssetImportWorker4
-projectPath
E:/unity/2/3D-Game/3D-Game
-logFile
Logs/AssetImportWorker4.log
-srvPort
57850
Successfully changed project path to: E:/unity/2/3D-Game/3D-Game
E:/unity/2/3D-Game/3D-Game
[UnityMemory] Configuration Parameters - Can be set up in boot.config
    "memorysetup-bucket-allocator-granularity=16"
    "memorysetup-bucket-allocator-bucket-count=8"
    "memorysetup-bucket-allocator-block-size=33554432"
    "memorysetup-bucket-allocator-block-count=8"
    "memorysetup-main-allocator-block-size=16777216"
    "memorysetup-thread-allocator-block-size=16777216"
    "memorysetup-gfx-main-allocator-block-size=16777216"
    "memorysetup-gfx-thread-allocator-block-size=16777216"
    "memorysetup-cache-allocator-block-size=4194304"
    "memorysetup-typetree-allocator-block-size=2097152"
    "memorysetup-profiler-bucket-allocator-granularity=16"
    "memorysetup-profiler-bucket-allocator-bucket-count=8"
    "memorysetup-profiler-bucket-allocator-block-size=33554432"
    "memorysetup-profiler-bucket-allocator-block-count=8"
    "memorysetup-profiler-allocator-block-size=16777216"
    "memorysetup-profiler-editor-allocator-block-size=1048576"
    "memorysetup-temp-allocator-size-main=16777216"
    "memorysetup-job-temp-allocator-block-size=2097152"
    "memorysetup-job-temp-allocator-block-size-background=1048576"
    "memorysetup-job-temp-allocator-reduction-small-platforms=262144"
    "memorysetup-temp-allocator-size-background-worker=32768"
    "memorysetup-temp-allocator-size-job-worker=262144"
    "memorysetup-temp-allocator-size-preload-manager=33554432"
    "memorysetup-temp-allocator-size-nav-mesh-worker=65536"
    "memorysetup-temp-allocator-size-audio-worker=65536"
    "memorysetup-temp-allocator-size-cloud-worker=32768"
    "memorysetup-temp-allocator-size-gi-baking-worker=262144"
    "memorysetup-temp-allocator-size-gfx=262144"
Player connection [14724] Host "[IP] 192.168.96.121 [Port] 0 [Flags] 2 [Guid] 2082812838 [EditorId] 2082812838 [Version] 1048832 [Id] WindowsEditor(7,DESKTOP-3KCGSVK) [Debug] 1 [PackageName] WindowsEditor [ProjectName] Editor" joined multi-casting on [225.0.0.222:54997]...

Player connection [14724] Host "[IP] 192.168.96.121 [Port] 0 [Flags] 2 [Guid] 2082812838 [EditorId] 2082812838 [Version] 1048832 [Id] WindowsEditor(7,DESKTOP-3KCGSVK) [Debug] 1 [PackageName] WindowsEditor [ProjectName] Editor" joined alternative multi-casting on [225.0.0.222:34997]...

Refreshing native plugins compatible for Editor in 1185.35 ms, found 3 plugins.
Preloading 0 native plugins for Editor in 0.00 ms.
Initialize engine version: 2021.3.22f1 (b6c551784ba3)
[Subsystems] Discovering subsystems at path C:/Program Files/Unity/Hub/Editor/2021.3.22f1/Editor/Data/Resources/UnitySubsystems
[Subsystems] Discovering subsystems at path E:/unity/2/3D-Game/3D-Game/Assets
GfxDevice: creating device client; threaded=0; jobified=0
Direct3D:
    Version:  Direct3D 11.0 [level 11.0]
    Renderer: NVIDIA GeForce GTX 950M (ID=0x139a)
    Vendor:   NVIDIA
    VRAM:     2007 MB
    Driver:   30.0.14.7219
Initialize mono
Mono path[0] = 'C:/Program Files/Unity/Hub/Editor/2021.3.22f1/Editor/Data/Managed'
Mono path[1] = 'C:/Program Files/Unity/Hub/Editor/2021.3.22f1/Editor/Data/MonoBleedingEdge/lib/mono/unityjit-win32'
Mono config path = 'C:/Program Files/Unity/Hub/Editor/2021.3.22f1/Editor/Data/MonoBleedingEdge/etc'
Using monoOptions --debugger-agent=transport=dt_socket,embedding=1,server=y,suspend=n,address=127.0.0.1:56584
Begin MonoManager ReloadAssembly
Registering precompiled unity dll's ...
Register platform support module: C:/Program Files/Unity/Hub/Editor/2021.3.22f1/Editor/Data/PlaybackEngines/WindowsStandaloneSupport/UnityEditor.WindowsStandalone.Extensions.dll
Registered in 0.055029 seconds.
Native extension for WindowsStandalone target not found
Refreshing native plugins compatible for Editor in 131.61 ms, found 3 plugins.
Preloading 0 native plugins for Editor in 0.00 ms.
Mono: successfully reloaded assembly
- Completed reload, in  2.183 seconds
Domain Reload Profiling:
	ReloadAssembly (2184ms)
		BeginReloadAssembly (934ms)
			ExecutionOrderSort (0ms)
			DisableScriptedObjects (0ms)
			BackupInstance (0ms)
			ReleaseScriptingObjects (0ms)
			CreateAndSetChildDomain (4ms)
		EndReloadAssembly (946ms)
			LoadAssemblies (878ms)
			RebuildTransferFunctionScriptingTraits (0ms)
			SetupTypeCache (195ms)
			ReleaseScriptCaches (0ms)
			RebuildScriptCaches (49ms)
			SetupLoadedEditorAssemblies (597ms)
				LogAssemblyErrors (0ms)
				InitializePlatformSupportModulesInManaged (21ms)
				SetLoadedEditorAssemblies (0ms)
				RefreshPlugins (132ms)
				BeforeProcessingInitializeOnLoad (2ms)
				ProcessInitializeOnLoadAttributes (337ms)
				ProcessInitializeOnLoadMethodAttributes (105ms)
				AfterProcessingInitializeOnLoad (0ms)
				EditorAssembliesLoaded (0ms)
			ExecutionOrderSort2 (0ms)
			AwakeInstancesAfterBackupRestoration (0ms)
Platform modules already initialized, skipping
Registering precompiled user dll's ...
Registered in 0.009164 seconds.
Begin MonoManager ReloadAssembly
Symbol file LoadedFromMemory doesn't match image E:\unity\2\3D-Game\3D-Game\Library\PackageCache\com.unity.visualscripting@1.8.0\Editor\VisualScripting.Core\Dependencies\YamlDotNet\Unity.VisualScripting.YamlDotNet.dll
Symbol file LoadedFromMemory doesn't match image E:\unity\2\3D-Game\3D-Game\Library\PackageCache\com.unity.visualscripting@1.8.0\Editor\VisualScripting.Core\Dependencies\DotNetZip\Unity.VisualScripting.IonicZip.dll
Native extension for WindowsStandalone target not found
Refreshing native plugins compatible for Editor in 1.70 ms, found 3 plugins.
Preloading 0 native plugins for Editor in 0.00 ms.
Mono: successfully reloaded assembly
- Completed reload, in  2.761 seconds
Domain Reload Profiling:
	ReloadAssembly (2762ms)
		BeginReloadAssembly (326ms)
			ExecutionOrderSort (0ms)
			DisableScriptedObjects (9ms)
			BackupInstance (0ms)
			ReleaseScriptingObjects (0ms)
			CreateAndSetChildDomain (28ms)
		EndReloadAssembly (2162ms)
			LoadAssemblies (241ms)
			RebuildTransferFunctionScriptingTraits (0ms)
			SetupTypeCache (813ms)
			ReleaseScriptCaches (1ms)
			RebuildScriptCaches (93ms)
			SetupLoadedEditorAssemblies (1003ms)
				LogAssemblyErrors (0ms)
				InitializePlatformSupportModulesInManaged (21ms)
				SetLoadedEditorAssemblies (1ms)
				RefreshPlugins (2ms)
				BeforeProcessingInitializeOnLoad (190ms)
				ProcessInitializeOnLoadAttributes (692ms)
				ProcessInitializeOnLoadMethodAttributes (43ms)
				AfterProcessingInitializeOnLoad (55ms)
				EditorAssembliesLoaded (0ms)
			ExecutionOrderSort2 (0ms)
			AwakeInstancesAfterBackupRestoration (30ms)
Platform modules already initialized, skipping
========================================================================
Worker process is ready to serve import requests
Launched and connected shader compiler UnityShaderCompiler.exe after 0.44 seconds
Refreshing native plugins compatible for Editor in 0.64 ms, found 3 plugins.
Preloading 0 native plugins for Editor in 0.00 ms.
Unloading 3173 Unused Serialized files (Serialized files now loaded: 0)
Unloading 25 unused Assets / (30.2 KB). Loaded Objects now: 3667.
Memory consumption went from 133.8 MB to 133.7 MB.
Total: 3.878800 ms (FindLiveObjects: 0.334900 ms CreateObjectMapping: 0.260800 ms MarkObjects: 3.241300 ms  DeleteObjects: 0.040800 ms)

AssetImportParameters requested are different than current active one (requested -> active):
  custom:video-decoder-ogg-theora: a1e56fd34408186e4bbccfd4996cb3dc -> 
  custom:container-muxer-webm: aa71ff27fc2769a1b78a27578f13a17b -> 
  custom:container-demuxer-webm: 4f35f7cbe854078d1ac9338744f61a02 -> 
  custom:video-encoder-webm-vp8: eb34c28f22e8b96e1ab97ce403110664 -> 
  custom:audio-encoder-webm-vorbis: bf7c407c2cedff20999df2af8eb42d56 -> 
  custom:framework-win-MediaFoundation: 216162199b28c13a410421893ffa2e32 -> 
  custom:container-demuxer-ogg: 62fdf1f143b41e24485cea50d1cbac27 -> 
  custom:video-decoder-webm-vp8: 9c59270c3fd7afecdb556c50c9e8de78 -> 
  custom:audio-decoder-ogg-vorbis: bf7c407c2cedff20999df2af8eb42d56 -> 
========================================================================
Received Import Request.
  Time since last request: 72604.399855 seconds.
  path: Assets/Prefabs/fireball (1) Variant.prefab
  artifactKey: Guid(5471da488e0086a45964ea0b1b4bc99a) Importer(815301076,1909f56bfc062723c751e8b465ee728b)
Start importing Assets/Prefabs/fireball (1) Variant.prefab using Guid(5471da488e0086a45964ea0b1b4bc99a) Importer(815301076,1909f56bfc062723c751e8b465ee728b)  -> (artifact id: '81d842d7b19b31be4548db9a798114aa') in 1.036846 seconds 
========================================================================
Received Import Request.
  Time since last request: 0.000030 seconds.
  path: Assets/Prefabs/Boss Plataform Variant.prefab
  artifactKey: Guid(406b481d84bc70a448e90be417e04003) Importer(815301076,1909f56bfc062723c751e8b465ee728b)
Start importing Assets/Prefabs/Boss Plataform Variant.prefab using Guid(406b481d84bc70a448e90be417e04003) Importer(815301076,1909f56bfc062723c751e8b465ee728b)  -> (artifact id: '91b40c56905fe5e56a456a0525a4f523') in 0.107233 seconds 
========================================================================
Received Import Request.
  Time since last request: 0.000042 seconds.
  path: Assets/Prefabs/Wooden Chest Variant.prefab
  artifactKey: Guid(9d124a57cfef17044ad96ea3a7e129b5) Importer(815301076,1909f56bfc062723c751e8b465ee728b)
Start importing Assets/Prefabs/Wooden Chest Variant.prefab using Guid(9d124a57cfef17044ad96ea3a7e129b5) Importer(815301076,1909f56bfc062723c751e8b465ee728b)  -> (artifact id: '5cefa60b8de874503f0134e4a1ea8c99') in 0.172220 seconds 
========================================================================
Received Import Request.
  Time since last request: 283.689789 seconds.
  path: Assets/Materials/Ghast.mat
  artifactKey: Guid(e5a6ba39832b3c74d8a7a54a307fbc28) Importer(815301076,1909f56bfc062723c751e8b465ee728b)
Start importing Assets/Materials/Ghast.mat using Guid(e5a6ba39832b3c74d8a7a54a307fbc28) Importer(815301076,1909f56bfc062723c751e8b465ee728b)  -> (artifact id: '0af75a8218f7e96f8344b689185a043d') in 0.229484 seconds 
========================================================================
Received Import Request.
  Time since last request: 8.587230 seconds.
  path: Assets/Materials/ProjectilMat.mat
  artifactKey: Guid(add9c999e3754764fbcce6407024d9c4) Importer(815301076,1909f56bfc062723c751e8b465ee728b)
Start importing Assets/Materials/ProjectilMat.mat using Guid(add9c999e3754764fbcce6407024d9c4) Importer(815301076,1909f56bfc062723c751e8b465ee728b)  -> (artifact id: 'df5b586b60a6df06e24b0726cc81ef6f') in 0.026814 seconds 
========================================================================
Received Import Request.
  Time since last request: 230.677530 seconds.
  path: Assets/Materials/ProjectilTrail.mat
  artifactKey: Guid(d9c11caef9b3f8649938672369a19630) Importer(815301076,1909f56bfc062723c751e8b465ee728b)
Start importing Assets/Materials/ProjectilTrail.mat using Guid(d9c11caef9b3f8649938672369a19630) Importer(815301076,1909f56bfc062723c751e8b465ee728b)  -> (artifact id: '83ca378afb7c2e06170274e2824ea2ba') in 0.025728 seconds 
========================================================================
Received Import Request.
  Time since last request: 769.807853 seconds.
  path: Assets/Materials/Spark.mat
  artifactKey: Guid(406f08b6cb29b354084f74ad4baee46b) Importer(815301076,1909f56bfc062723c751e8b465ee728b)
Start importing Assets/Materials/Spark.mat using Guid(406f08b6cb29b354084f74ad4baee46b) Importer(815301076,1909f56bfc062723c751e8b465ee728b)  -> (artifact id: '8fafc680e773c181f6dd7357cb965d2a') in 0.028776 seconds 
========================================================================
Received Import Request.
  Time since last request: 143.397617 seconds.
  path: Assets/Materials/Fireball
  artifactKey: Guid(a510686527053c84486725625ac12f77) Importer(815301076,1909f56bfc062723c751e8b465ee728b)
Start importing Assets/Materials/Fireball using Guid(a510686527053c84486725625ac12f77) Importer(815301076,1909f56bfc062723c751e8b465ee728b)  -> (artifact id: '883525ef00fa7ad725b9ccda39610895') in 0.017645 seconds 
========================================================================
Received Import Request.
  Time since last request: 7.845381 seconds.
  path: Assets/Materials/Fireball/ProjectilMat.mat
  artifactKey: Guid(add9c999e3754764fbcce6407024d9c4) Importer(815301076,1909f56bfc062723c751e8b465ee728b)
Start importing Assets/Materials/Fireball/ProjectilMat.mat using Guid(add9c999e3754764fbcce6407024d9c4) Importer(815301076,1909f56bfc062723c751e8b465ee728b)  -> (artifact id: '25a9e0747fbd8e89f46d7a24edbe76fc') in 0.019162 seconds 
========================================================================
Received Import Request.
  Time since last request: 0.000025 seconds.
  path: Assets/Materials/Fireball/Spark.mat
  artifactKey: Guid(406f08b6cb29b354084f74ad4baee46b) Importer(815301076,1909f56bfc062723c751e8b465ee728b)
Start importing Assets/Materials/Fireball/Spark.mat using Guid(406f08b6cb29b354084f74ad4baee46b) Importer(815301076,1909f56bfc062723c751e8b465ee728b)  -> (artifact id: '5fc5858d53186d9793e2d83a8452c4ed') in 0.083808 seconds 
========================================================================
Received Import Request.
  Time since last request: 8.146617 seconds.
  path: Assets/Materials/Fireball/pngwing.com.png
  artifactKey: Guid(798a0e0fb33aa144fab5d9e95ac2376c) Importer(815301076,1909f56bfc062723c751e8b465ee728b)
Start importing Assets/Materials/Fireball/pngwing.com.png using Guid(798a0e0fb33aa144fab5d9e95ac2376c) Importer(815301076,1909f56bfc062723c751e8b465ee728b)  -> (artifact id: 'f886c322a31c15d768fa1d7d25609284') in 0.155020 seconds 
========================================================================
Received Import Request.
  Time since last request: 560.687416 seconds.
  path: Assets/Prefabs/Boss Plataform Variant.prefab
  artifactKey: Guid(406b481d84bc70a448e90be417e04003) Importer(815301076,1909f56bfc062723c751e8b465ee728b)
Start importing Assets/Prefabs/Boss Plataform Variant.prefab using Guid(406b481d84bc70a448e90be417e04003) Importer(815301076,1909f56bfc062723c751e8b465ee728b)  -> (artifact id: 'a92655693988e14616153815128a5afd') in 0.129288 seconds 
========================================================================
Received Prepare
Registering precompiled user dll's ...
Registered in 0.008203 seconds.
Begin MonoManager ReloadAssembly
Symbol file LoadedFromMemory doesn't match image E:\unity\2\3D-Game\3D-Game\Library\PackageCache\com.unity.visualscripting@1.8.0\Editor\VisualScripting.Core\Dependencies\YamlDotNet\Unity.VisualScripting.YamlDotNet.dll
Symbol file LoadedFromMemory doesn't match image E:\unity\2\3D-Game\3D-Game\Library\PackageCache\com.unity.visualscripting@1.8.0\Editor\VisualScripting.Core\Dependencies\DotNetZip\Unity.VisualScripting.IonicZip.dll
Native extension for WindowsStandalone target not found
Refreshing native plugins compatible for Editor in 0.60 ms, found 3 plugins.
Preloading 0 native plugins for Editor in 0.00 ms.
Mono: successfully reloaded assembly
- Completed reload, in  1.915 seconds
Domain Reload Profiling:
	ReloadAssembly (1916ms)
		BeginReloadAssembly (419ms)
			ExecutionOrderSort (0ms)
			DisableScriptedObjects (12ms)
			BackupInstance (0ms)
			ReleaseScriptingObjects (0ms)
			CreateAndSetChildDomain (109ms)
		EndReloadAssembly (1306ms)
			LoadAssemblies (279ms)
			RebuildTransferFunctionScriptingTraits (0ms)
			SetupTypeCache (469ms)
			ReleaseScriptCaches (1ms)
			RebuildScriptCaches (59ms)
			SetupLoadedEditorAssemblies (546ms)
				LogAssemblyErrors (0ms)
				InitializePlatformSupportModulesInManaged (17ms)
				SetLoadedEditorAssemblies (1ms)
				RefreshPlugins (1ms)
				BeforeProcessingInitializeOnLoad (121ms)
				ProcessInitializeOnLoadAttributes (308ms)
				ProcessInitializeOnLoadMethodAttributes (48ms)
				AfterProcessingInitializeOnLoad (50ms)
				EditorAssembliesLoaded (0ms)
			ExecutionOrderSort2 (0ms)
			AwakeInstancesAfterBackupRestoration (24ms)
Platform modules already initialized, skipping
Refreshing native plugins compatible for Editor in 4.01 ms, found 3 plugins.
Preloading 0 native plugins for Editor in 0.00 ms.
Unloading 3153 Unused Serialized files (Serialized files now loaded: 0)
Unloading 15 unused Assets / (24.6 KB). Loaded Objects now: 3715.
Memory consumption went from 136.9 MB to 136.8 MB.
Total: 4.522000 ms (FindLiveObjects: 0.365000 ms CreateObjectMapping: 0.241800 ms MarkObjects: 3.818000 ms  DeleteObjects: 0.096200 ms)

AssetImportParameters requested are different than current active one (requested -> active):
  custom:video-decoder-ogg-theora: a1e56fd34408186e4bbccfd4996cb3dc -> 
  custom:container-muxer-webm: aa71ff27fc2769a1b78a27578f13a17b -> 
  custom:container-demuxer-webm: 4f35f7cbe854078d1ac9338744f61a02 -> 
  custom:video-encoder-webm-vp8: eb34c28f22e8b96e1ab97ce403110664 -> 
  custom:audio-encoder-webm-vorbis: bf7c407c2cedff20999df2af8eb42d56 -> 
  custom:framework-win-MediaFoundation: 216162199b28c13a410421893ffa2e32 -> 
  custom:container-demuxer-ogg: 62fdf1f143b41e24485cea50d1cbac27 -> 
  custom:video-decoder-webm-vp8: 9c59270c3fd7afecdb556c50c9e8de78 -> 
  custom:audio-decoder-ogg-vorbis: bf7c407c2cedff20999df2af8eb42d56 -> 
========================================================================
Received Import Request.
  Time since last request: 76.325284 seconds.
  path: Assets/Prefabs/Boss Plataform Variant.prefab
  artifactKey: Guid(406b481d84bc70a448e90be417e04003) Importer(815301076,1909f56bfc062723c751e8b465ee728b)
Start importing Assets/Prefabs/Boss Plataform Variant.prefab using Guid(406b481d84bc70a448e90be417e04003) Importer(815301076,1909f56bfc062723c751e8b465ee728b)  -> (artifact id: 'a92655693988e14616153815128a5afd') in 0.209201 seconds 
========================================================================
Received Import Request.
  Time since last request: 17.950497 seconds.
  path: Packages/com.unity.collab-proxy/Editor/PlasticSCM/Assets/Images/ok.png
  artifactKey: Guid(3238dca1e9ea9fb4aa64b28298ba6dbd) Importer(815301076,1909f56bfc062723c751e8b465ee728b)
Start importing Packages/com.unity.collab-proxy/Editor/PlasticSCM/Assets/Images/ok.png using Guid(3238dca1e9ea9fb4aa64b28298ba6dbd) Importer(815301076,1909f56bfc062723c751e8b465ee728b)  -> (artifact id: 'd68754bc5eb9eb031c00d2737758a968') in 1.297468 seconds 
========================================================================
Received Import Request.
  Time since last request: 0.001526 seconds.
  path: Packages/com.unity.textmeshpro/Editor Resources/Textures/SectionHeader_Dark.psd
  artifactKey: Guid(fb5730e24283d0c489e5c7d0bee023d9) Importer(815301076,1909f56bfc062723c751e8b465ee728b)
Start importing Packages/com.unity.textmeshpro/Editor Resources/Textures/SectionHeader_Dark.psd using Guid(fb5730e24283d0c489e5c7d0bee023d9) Importer(815301076,1909f56bfc062723c751e8b465ee728b)  -> (artifact id: '30ab2ad48db456fbbe6299f036637583') in 0.105381 seconds 
========================================================================
Received Import Request.
  Time since last request: 0.000030 seconds.
  path: Packages/com.unity.collab-proxy/Editor/PlasticSCM/Assets/Images/secondarytabclose.png
  artifactKey: Guid(03cefa94d5aa9d74993fb2138af9d607) Importer(815301076,1909f56bfc062723c751e8b465ee728b)
Start importing Packages/com.unity.collab-proxy/Editor/PlasticSCM/Assets/Images/secondarytabclose.png using Guid(03cefa94d5aa9d74993fb2138af9d607) Importer(815301076,1909f56bfc062723c751e8b465ee728b)  -> (artifact id: '6754394eb90f13b6c304dbd0895001c4') in 0.061818 seconds 
Editor requested this worker to shutdown with reason: Scaling down because of idle timeout
AssetImportWorker is now disconnected from the server
Process exiting
Exiting without the bug reporter. Application will terminate with return code 0